2026-04-09 09:39:56.346 +05:30 [INF] Executed DbCommand (17ms) [Parameters=[], CommandType='"Text"', CommandTimeout='60']
SELECT 1
2026-04-09 09:39:56.398 +05:30 [INF] Executed DbCommand (14ms) [Parameters=[], CommandType='"Text"', CommandTimeout='60']
SELECT OBJECT_ID(N'[__EFMigrationsHistory]');
2026-04-09 09:39:56.404 +05:30 [INF] Executed DbCommand (1ms) [Parameters=[], CommandType='"Text"', CommandTimeout='60']
SELECT 1
2026-04-09 09:39:56.407 +05:30 [INF] Executed DbCommand (1ms) [Parameters=[], CommandType='"Text"', CommandTimeout='60']
SELECT OBJECT_ID(N'[__EFMigrationsHistory]');
2026-04-09 09:39:56.427 +05:30 [INF] Executed DbCommand (10ms) [Parameters=[], CommandType='"Text"', CommandTimeout='60']
SELECT [MigrationId], [ProductVersion]
FROM [__EFMigrationsHistory]
ORDER BY [MigrationId];
2026-04-09 09:39:56.441 +05:30 [INF] No migrations were applied. The database is already up to date.
2026-04-09 09:39:56.671 +05:30 [INF] Executed DbCommand (58ms) [Parameters=[@__roleName_0='?' (Size = 100) (DbType = AnsiString)], CommandType='"Text"', CommandTimeout='60']
SELECT CASE
    WHEN EXISTS (
        SELECT 1
        FROM [Roles] AS [r]
        WHERE [r].[IsActive] = CAST(1 AS bit) AND [r].[RoleName] = @__roleName_0) THEN CAST(1 AS bit)
    ELSE CAST(0 AS bit)
END
2026-04-09 09:39:56.691 +05:30 [INF] Executed DbCommand (2ms) [Parameters=[@__roleName_0='?' (Size = 100) (DbType = AnsiString)], CommandType='"Text"', CommandTimeout='60']
SELECT CASE
    WHEN EXISTS (
        SELECT 1
        FROM [Roles] AS [r]
        WHERE [r].[IsActive] = CAST(1 AS bit) AND [r].[RoleName] = @__roleName_0) THEN CAST(1 AS bit)
    ELSE CAST(0 AS bit)
END
2026-04-09 09:39:56.695 +05:30 [INF] Executed DbCommand (2ms) [Parameters=[@__roleName_0='?' (Size = 100) (DbType = AnsiString)], CommandType='"Text"', CommandTimeout='60']
SELECT CASE
    WHEN EXISTS (
        SELECT 1
        FROM [Roles] AS [r]
        WHERE [r].[IsActive] = CAST(1 AS bit) AND [r].[RoleName] = @__roleName_0) THEN CAST(1 AS bit)
    ELSE CAST(0 AS bit)
END
2026-04-09 09:39:56.700 +05:30 [INF] Executed DbCommand (2ms) [Parameters=[@__roleName_0='?' (Size = 100) (DbType = AnsiString)], CommandType='"Text"', CommandTimeout='60']
SELECT CASE
    WHEN EXISTS (
        SELECT 1
        FROM [Roles] AS [r]
        WHERE [r].[IsActive] = CAST(1 AS bit) AND [r].[RoleName] = @__roleName_0) THEN CAST(1 AS bit)
    ELSE CAST(0 AS bit)
END
2026-04-09 09:39:56.748 +05:30 [INF] Executed DbCommand (12ms) [Parameters=[@__adminCID_0='?' (Size = 20) (DbType = AnsiString)], CommandType='"Text"', CommandTimeout='60']
SELECT CASE
    WHEN EXISTS (
        SELECT 1
        FROM [Users] AS [u]
        WHERE [u].[IsActive] = CAST(1 AS bit) AND [u].[CIDNumber] = @__adminCID_0) THEN CAST(1 AS bit)
    ELSE CAST(0 AS bit)
END
2026-04-09 09:39:56.756 +05:30 [INF] Executed DbCommand (3ms) [Parameters=[@__studentCID_0='?' (Size = 20) (DbType = AnsiString)], CommandType='"Text"', CommandTimeout='60']
SELECT CASE
    WHEN EXISTS (
        SELECT 1
        FROM [Users] AS [u]
        WHERE [u].[IsActive] = CAST(1 AS bit) AND [u].[CIDNumber] = @__studentCID_0) THEN CAST(1 AS bit)
    ELSE CAST(0 AS bit)
END
2026-04-09 09:39:56.783 +05:30 [INF] Executed DbCommand (3ms) [Parameters=[], CommandType='"Text"', CommandTimeout='60']
SELECT COUNT(*)
FROM [ScholarshipPrograms] AS [s]
WHERE [s].[IsActive] = CAST(1 AS bit)
2026-04-09 09:39:57.048 +05:30 [INF] Executed DbCommand (54ms) [Parameters=[@p0='?' (DbType = DateTime), @p1='?' (DbType = Int32), @p2='?' (DbType = Currency), @p3='?' (Size = 100) (DbType = AnsiString), @p4='?' (DbType = DateTime), @p5='?' (Size = 100) (DbType = AnsiString), @p6='?' (DbType = DateTime), @p7='?' (Size = 4000), @p8='?' (Size = 4000), @p9='?' (DbType = DateTime), @p10='?' (DbType = Int64), @p11='?' (DbType = Int32), @p12='?' (Precision = 4) (Scale = 2) (DbType = Decimal), @p13='?' (Size = 300) (DbType = AnsiString), @p14='?' (Size = 50) (DbType = AnsiString), @p15='?' (DbType = DateTime), @p16='?' (Size = 30) (DbType = AnsiString), @p17='?' (DbType = Int32), @p18='?' (DbType = Currency), @p19='?' (Size = 100) (DbType = AnsiString), @p20='?' (DbType = DateTime), @p21='?' (Size = 100) (DbType = AnsiString), @p22='?' (DbType = DateTime), @p23='?' (DbType = DateTime), @p24='?' (DbType = Int32), @p25='?' (DbType = Currency), @p26='?' (Size = 100) (DbType = AnsiString), @p27='?' (DbType = DateTime), @p28='?' (Size = 100) (DbType = AnsiString), @p29='?' (DbType = DateTime), @p30='?' (Size = 4000), @p31='?' (Size = 4000), @p32='?' (DbType = DateTime), @p33='?' (DbType = Int64), @p34='?' (DbType = Int32), @p35='?' (Precision = 4) (Scale = 2) (DbType = Decimal), @p36='?' (Size = 300) (DbType = AnsiString), @p37='?' (Size = 50) (DbType = AnsiString), @p38='?' (DbType = DateTime), @p39='?' (Size = 30) (DbType = AnsiString), @p40='?' (DbType = Int32), @p41='?' (DbType = Currency), @p42='?' (Size = 100) (DbType = AnsiString), @p43='?' (DbType = DateTime), @p44='?' (Size = 100) (DbType = AnsiString), @p45='?' (DbType = DateTime), @p46='?' (DbType = DateTime), @p47='?' (DbType = Int32), @p48='?' (DbType = Currency), @p49='?' (Size = 100) (DbType = AnsiString), @p50='?' (DbType = DateTime), @p51='?' (Size = 100) (DbType = AnsiString), @p52='?' (DbType = DateTime), @p53='?' (Size = 4000), @p54='?' (Size = 4000), @p55='?' (DbType = DateTime), @p56='?' (DbType = Int64), @p57='?' (DbType = Int32), @p58='?' (Precision = 4) (Scale = 2) (DbType = Decimal), @p59='?' (Size = 300) (DbType = AnsiString), @p60='?' (Size = 50) (DbType = AnsiString), @p61='?' (DbType = DateTime), @p62='?' (Size = 30) (DbType = AnsiString), @p63='?' (DbType = Int32), @p64='?' (DbType = Currency), @p65='?' (Size = 100) (DbType = AnsiString), @p66='?' (DbType = DateTime), @p67='?' (Size = 100) (DbType = AnsiString), @p68='?' (DbType = DateTime), @p69='?' (DbType = DateTime), @p70='?' (DbType = Int32), @p71='?' (DbType = Currency), @p72='?' (Size = 100) (DbType = AnsiString), @p73='?' (DbType = DateTime), @p74='?' (Size = 100) (DbType = AnsiString), @p75='?' (DbType = DateTime), @p76='?' (Size = 4000), @p77='?' (Size = 4000), @p78='?' (DbType = DateTime), @p79='?' (DbType = Int64), @p80='?' (DbType = Int32), @p81='?' (Precision = 4) (Scale = 2) (DbType = Decimal), @p82='?' (Size = 300) (DbType = AnsiString), @p83='?' (Size = 50) (DbType = AnsiString), @p84='?' (DbType = DateTime), @p85='?' (Size = 30) (DbType = AnsiString), @p86='?' (DbType = Int32), @p87='?' (DbType = Currency), @p88='?' (Size = 100) (DbType = AnsiString), @p89='?' (DbType = DateTime), @p90='?' (Size = 100) (DbType = AnsiString), @p91='?' (DbType = DateTime)], CommandType='"Text"', CommandTimeout='60']
SET IMPLICIT_TRANSACTIONS OFF;
SET NOCOUNT ON;
MERGE [ScholarshipPrograms] USING (
VALUES (@p0, @p1, @p2, @p3, @p4, @p5, @p6, @p7, @p8, @p9, @p10, @p11, @p12, @p13, @p14, @p15, @p16, @p17, @p18, @p19, @p20, @p21, @p22, 0),
(@p23, @p24, @p25, @p26, @p27, @p28, @p29, @p30, @p31, @p32, @p33, @p34, @p35, @p36, @p37, @p38, @p39, @p40, @p41, @p42, @p43, @p44, @p45, 1),
(@p46, @p47, @p48, @p49, @p50, @p51, @p52, @p53, @p54, @p55, @p56, @p57, @p58, @p59, @p60, @p61, @p62, @p63, @p64, @p65, @p66, @p67, @p68, 2),
(@p69, @p70, @p71, @p72, @p73, @p74, @p75, @p76, @p77, @p78, @p79, @p80, @p81, @p82, @p83, @p84, @p85, @p86, @p87, @p88, @p89, @p90, @p91, 3)) AS i ([ApplicationDeadline], [AvailableSlots], [AwardPerStudent], [CreatedBy], [CreatedOn], [DeactivatedBy], [DeactivatedOn], [Description], [EligibilityRules], [EndDate], [FundingSourceID], [MaxApplications], [MinGPA], [ProgramName], [ScholarshipType], [StartDate], [Status], [TakenApplications], [TotalAward], [UpdatedBy], [UpdatedOn], [VerifiedBy], [VerifiedOn], _Position) ON 1=0
WHEN NOT MATCHED THEN
INSERT ([ApplicationDeadline], [AvailableSlots], [AwardPerStudent], [CreatedBy], [CreatedOn], [DeactivatedBy], [DeactivatedOn], [Description], [EligibilityRules], [EndDate], [FundingSourceID], [MaxApplications], [MinGPA], [ProgramName], [ScholarshipType], [StartDate], [Status], [TakenApplications], [TotalAward], [UpdatedBy], [UpdatedOn], [VerifiedBy], [VerifiedOn])
VALUES (i.[ApplicationDeadline], i.[AvailableSlots], i.[AwardPerStudent], i.[CreatedBy], i.[CreatedOn], i.[DeactivatedBy], i.[DeactivatedOn], i.[Description], i.[EligibilityRules], i.[EndDate], i.[FundingSourceID], i.[MaxApplications], i.[MinGPA], i.[ProgramName], i.[ScholarshipType], i.[StartDate], i.[Status], i.[TakenApplications], i.[TotalAward], i.[UpdatedBy], i.[UpdatedOn], i.[VerifiedBy], i.[VerifiedOn])
OUTPUT INSERTED.[ProgramID], INSERTED.[IsActive], i._Position;
2026-04-09 09:39:57.111 +05:30 [ERR] An exception occurred in the database while saving changes for context type 'SPRMS.Data.AppDbContext'.
Microsoft.EntityFrameworkCore.DbUpdateException: An error occurred while saving the entity changes. See the inner exception for details.
 ---> Microsoft.Data.SqlClient.SqlException (0x80131904): Conversion failed when converting the varchar value 'Active' to data type int.
   at Microsoft.Data.SqlClient.SqlConnection.OnError(SqlException exception, Boolean breakConnection, Action`1 wrapCloseInAction)
   at Microsoft.Data.SqlClient.SqlInternalConnection.OnError(SqlException exception, Boolean breakConnection, Action`1 wrapCloseInAction)
   at Microsoft.Data.SqlClient.TdsParser.ThrowExceptionAndWarning(TdsParserStateObject stateObj, SqlCommand command, Boolean callerHasConnectionLock, Boolean asyncClose)
   at Microsoft.Data.SqlClient.TdsParser.TryRun(RunBehavior runBehavior, SqlCommand cmdHandler, SqlDataReader dataStream, BulkCopySimpleResultSet bulkCopyHandler, TdsParserStateObject stateObj, Boolean& dataReady)
   at Microsoft.Data.SqlClient.SqlDataReader.TryHasMoreRows(Boolean& moreRows)
   at Microsoft.Data.SqlClient.SqlDataReader.TryReadInternal(Boolean setTimeout, Boolean& more)
   at Microsoft.Data.SqlClient.SqlDataReader.ReadAsyncExecute(Task task, Object state)
   at Microsoft.Data.SqlClient.SqlDataReader.InvokeAsyncCall[T](SqlDataReaderBaseAsyncCallContext`1 context)
--- End of stack trace from previous location ---
   at Microsoft.EntityFrameworkCore.Update.AffectedCountModificationCommandBatch.ConsumeResultSetAsync(Int32 startCommandIndex, RelationalDataReader reader, CancellationToken cancellationToken)
ClientConnectionId:aafb6b15-6eff-424a-9f19-44c532217d02
Error Number:245,State:1,Class:16
   --- End of inner exception stack trace ---
   at Microsoft.EntityFrameworkCore.Update.AffectedCountModificationCommandBatch.ConsumeResultSetAsync(Int32 startCommandIndex, RelationalDataReader reader, CancellationToken cancellationToken)
   at Microsoft.EntityFrameworkCore.Update.AffectedCountModificationCommandBatch.ConsumeAsync(RelationalDataReader reader, CancellationToken cancellationToken)
   at Microsoft.EntityFrameworkCore.Update.ReaderModificationCommandBatch.ExecuteAsync(IRelationalConnection connection, CancellationToken cancellationToken)
   at Microsoft.EntityFrameworkCore.Update.ReaderModificationCommandBatch.ExecuteAsync(IRelationalConnection connection, CancellationToken cancellationToken)
   at Microsoft.EntityFrameworkCore.SqlServer.Update.Internal.SqlServerModificationCommandBatch.ExecuteAsync(IRelationalConnection connection, CancellationToken cancellationToken)
   at Microsoft.EntityFrameworkCore.Update.Internal.BatchExecutor.ExecuteAsync(IEnumerable`1 commandBatches, IRelationalConnection connection, CancellationToken cancellationToken)
   at Microsoft.EntityFrameworkCore.Update.Internal.BatchExecutor.ExecuteAsync(IEnumerable`1 commandBatches, IRelationalConnection connection, CancellationToken cancellationToken)
   at Microsoft.EntityFrameworkCore.Update.Internal.BatchExecutor.ExecuteAsync(IEnumerable`1 commandBatches, IRelationalConnection connection, CancellationToken cancellationToken)
   at Microsoft.EntityFrameworkCore.ChangeTracking.Internal.StateManager.SaveChangesAsync(IList`1 entriesToSave, CancellationToken cancellationToken)
   at Microsoft.EntityFrameworkCore.ChangeTracking.Internal.StateManager.SaveChangesAsync(StateManager stateManager, Boolean acceptAllChangesOnSuccess, CancellationToken cancellationToken)
   at Microsoft.EntityFrameworkCore.Storage.ExecutionStrategy.<>c__DisplayClass30_0`2.<<ExecuteAsync>b__0>d.MoveNext()
--- End of stack trace from previous location ---
   at Microsoft.EntityFrameworkCore.Storage.ExecutionStrategy.ExecuteImplementationAsync[TState,TResult](Func`4 operation, Func`4 verifySucceeded, TState state, CancellationToken cancellationToken)
   at Microsoft.EntityFrameworkCore.Storage.ExecutionStrategy.ExecuteImplementationAsync[TState,TResult](Func`4 operation, Func`4 verifySucceeded, TState state, CancellationToken cancellationToken)
   at Microsoft.EntityFrameworkCore.Storage.ExecutionStrategy.ExecuteAsync[TState,TResult](TState state, Func`4 operation, Func`4 verifySucceeded, CancellationToken cancellationToken)
   at Microsoft.EntityFrameworkCore.DbContext.SaveChangesAsync(Boolean acceptAllChangesOnSuccess, CancellationToken cancellationToken)
Microsoft.EntityFrameworkCore.DbUpdateException: An error occurred while saving the entity changes. See the inner exception for details.
 ---> Microsoft.Data.SqlClient.SqlException (0x80131904): Conversion failed when converting the varchar value 'Active' to data type int.
   at Microsoft.Data.SqlClient.SqlConnection.OnError(SqlException exception, Boolean breakConnection, Action`1 wrapCloseInAction)
   at Microsoft.Data.SqlClient.SqlInternalConnection.OnError(SqlException exception, Boolean breakConnection, Action`1 wrapCloseInAction)
   at Microsoft.Data.SqlClient.TdsParser.ThrowExceptionAndWarning(TdsParserStateObject stateObj, SqlCommand command, Boolean callerHasConnectionLock, Boolean asyncClose)
   at Microsoft.Data.SqlClient.TdsParser.TryRun(RunBehavior runBehavior, SqlCommand cmdHandler, SqlDataReader dataStream, BulkCopySimpleResultSet bulkCopyHandler, TdsParserStateObject stateObj, Boolean& dataReady)
   at Microsoft.Data.SqlClient.SqlDataReader.TryHasMoreRows(Boolean& moreRows)
   at Microsoft.Data.SqlClient.SqlDataReader.TryReadInternal(Boolean setTimeout, Boolean& more)
   at Microsoft.Data.SqlClient.SqlDataReader.ReadAsyncExecute(Task task, Object state)
   at Microsoft.Data.SqlClient.SqlDataReader.InvokeAsyncCall[T](SqlDataReaderBaseAsyncCallContext`1 context)
--- End of stack trace from previous location ---
   at Microsoft.EntityFrameworkCore.Update.AffectedCountModificationCommandBatch.ConsumeResultSetAsync(Int32 startCommandIndex, RelationalDataReader reader, CancellationToken cancellationToken)
ClientConnectionId:aafb6b15-6eff-424a-9f19-44c532217d02
Error Number:245,State:1,Class:16
   --- End of inner exception stack trace ---
   at Microsoft.EntityFrameworkCore.Update.AffectedCountModificationCommandBatch.ConsumeResultSetAsync(Int32 startCommandIndex, RelationalDataReader reader, CancellationToken cancellationToken)
   at Microsoft.EntityFrameworkCore.Update.AffectedCountModificationCommandBatch.ConsumeAsync(RelationalDataReader reader, CancellationToken cancellationToken)
   at Microsoft.EntityFrameworkCore.Update.ReaderModificationCommandBatch.ExecuteAsync(IRelationalConnection connection, CancellationToken cancellationToken)
   at Microsoft.EntityFrameworkCore.Update.ReaderModificationCommandBatch.ExecuteAsync(IRelationalConnection connection, CancellationToken cancellationToken)
   at Microsoft.EntityFrameworkCore.SqlServer.Update.Internal.SqlServerModificationCommandBatch.ExecuteAsync(IRelationalConnection connection, CancellationToken cancellationToken)
   at Microsoft.EntityFrameworkCore.Update.Internal.BatchExecutor.ExecuteAsync(IEnumerable`1 commandBatches, IRelationalConnection connection, CancellationToken cancellationToken)
   at Microsoft.EntityFrameworkCore.Update.Internal.BatchExecutor.ExecuteAsync(IEnumerable`1 commandBatches, IRelationalConnection connection, CancellationToken cancellationToken)
   at Microsoft.EntityFrameworkCore.Update.Internal.BatchExecutor.ExecuteAsync(IEnumerable`1 commandBatches, IRelationalConnection connection, CancellationToken cancellationToken)
   at Microsoft.EntityFrameworkCore.ChangeTracking.Internal.StateManager.SaveChangesAsync(IList`1 entriesToSave, CancellationToken cancellationToken)
   at Microsoft.EntityFrameworkCore.ChangeTracking.Internal.StateManager.SaveChangesAsync(StateManager stateManager, Boolean acceptAllChangesOnSuccess, CancellationToken cancellationToken)
   at Microsoft.EntityFrameworkCore.Storage.ExecutionStrategy.<>c__DisplayClass30_0`2.<<ExecuteAsync>b__0>d.MoveNext()
--- End of stack trace from previous location ---
   at Microsoft.EntityFrameworkCore.Storage.ExecutionStrategy.ExecuteImplementationAsync[TState,TResult](Func`4 operation, Func`4 verifySucceeded, TState state, CancellationToken cancellationToken)
   at Microsoft.EntityFrameworkCore.Storage.ExecutionStrategy.ExecuteImplementationAsync[TState,TResult](Func`4 operation, Func`4 verifySucceeded, TState state, CancellationToken cancellationToken)
   at Microsoft.EntityFrameworkCore.Storage.ExecutionStrategy.ExecuteAsync[TState,TResult](TState state, Func`4 operation, Func`4 verifySucceeded, CancellationToken cancellationToken)
   at Microsoft.EntityFrameworkCore.DbContext.SaveChangesAsync(Boolean acceptAllChangesOnSuccess, CancellationToken cancellationToken)
2026-04-09 09:39:57.122 +05:30 [FTL] SPRMS API failed to start
Microsoft.EntityFrameworkCore.DbUpdateException: An error occurred while saving the entity changes. See the inner exception for details.
 ---> Microsoft.Data.SqlClient.SqlException (0x80131904): Conversion failed when converting the varchar value 'Active' to data type int.
   at Microsoft.Data.SqlClient.SqlConnection.OnError(SqlException exception, Boolean breakConnection, Action`1 wrapCloseInAction)
   at Microsoft.Data.SqlClient.SqlInternalConnection.OnError(SqlException exception, Boolean breakConnection, Action`1 wrapCloseInAction)
   at Microsoft.Data.SqlClient.TdsParser.ThrowExceptionAndWarning(TdsParserStateObject stateObj, SqlCommand command, Boolean callerHasConnectionLock, Boolean asyncClose)
   at Microsoft.Data.SqlClient.TdsParser.TryRun(RunBehavior runBehavior, SqlCommand cmdHandler, SqlDataReader dataStream, BulkCopySimpleResultSet bulkCopyHandler, TdsParserStateObject stateObj, Boolean& dataReady)
   at Microsoft.Data.SqlClient.SqlDataReader.TryHasMoreRows(Boolean& moreRows)
   at Microsoft.Data.SqlClient.SqlDataReader.TryReadInternal(Boolean setTimeout, Boolean& more)
   at Microsoft.Data.SqlClient.SqlDataReader.ReadAsyncExecute(Task task, Object state)
   at Microsoft.Data.SqlClient.SqlDataReader.InvokeAsyncCall[T](SqlDataReaderBaseAsyncCallContext`1 context)
--- End of stack trace from previous location ---
   at Microsoft.EntityFrameworkCore.Update.AffectedCountModificationCommandBatch.ConsumeResultSetAsync(Int32 startCommandIndex, RelationalDataReader reader, CancellationToken cancellationToken)
ClientConnectionId:aafb6b15-6eff-424a-9f19-44c532217d02
Error Number:245,State:1,Class:16
   --- End of inner exception stack trace ---
   at Microsoft.EntityFrameworkCore.Update.AffectedCountModificationCommandBatch.ConsumeResultSetAsync(Int32 startCommandIndex, RelationalDataReader reader, CancellationToken cancellationToken)
   at Microsoft.EntityFrameworkCore.Update.AffectedCountModificationCommandBatch.ConsumeAsync(RelationalDataReader reader, CancellationToken cancellationToken)
   at Microsoft.EntityFrameworkCore.Update.ReaderModificationCommandBatch.ExecuteAsync(IRelationalConnection connection, CancellationToken cancellationToken)
   at Microsoft.EntityFrameworkCore.Update.ReaderModificationCommandBatch.ExecuteAsync(IRelationalConnection connection, CancellationToken cancellationToken)
   at Microsoft.EntityFrameworkCore.SqlServer.Update.Internal.SqlServerModificationCommandBatch.ExecuteAsync(IRelationalConnection connection, CancellationToken cancellationToken)
   at Microsoft.EntityFrameworkCore.Update.Internal.BatchExecutor.ExecuteAsync(IEnumerable`1 commandBatches, IRelationalConnection connection, CancellationToken cancellationToken)
   at Microsoft.EntityFrameworkCore.Update.Internal.BatchExecutor.ExecuteAsync(IEnumerable`1 commandBatches, IRelationalConnection connection, CancellationToken cancellationToken)
   at Microsoft.EntityFrameworkCore.Update.Internal.BatchExecutor.ExecuteAsync(IEnumerable`1 commandBatches, IRelationalConnection connection, CancellationToken cancellationToken)
   at Microsoft.EntityFrameworkCore.ChangeTracking.Internal.StateManager.SaveChangesAsync(IList`1 entriesToSave, CancellationToken cancellationToken)
   at Microsoft.EntityFrameworkCore.ChangeTracking.Internal.StateManager.SaveChangesAsync(StateManager stateManager, Boolean acceptAllChangesOnSuccess, CancellationToken cancellationToken)
   at Microsoft.EntityFrameworkCore.Storage.ExecutionStrategy.<>c__DisplayClass30_0`2.<<ExecuteAsync>b__0>d.MoveNext()
--- End of stack trace from previous location ---
   at Microsoft.EntityFrameworkCore.Storage.ExecutionStrategy.ExecuteImplementationAsync[TState,TResult](Func`4 operation, Func`4 verifySucceeded, TState state, CancellationToken cancellationToken)
   at Microsoft.EntityFrameworkCore.Storage.ExecutionStrategy.ExecuteImplementationAsync[TState,TResult](Func`4 operation, Func`4 verifySucceeded, TState state, CancellationToken cancellationToken)
   at Microsoft.EntityFrameworkCore.Storage.ExecutionStrategy.ExecuteAsync[TState,TResult](TState state, Func`4 operation, Func`4 verifySucceeded, CancellationToken cancellationToken)
   at Microsoft.EntityFrameworkCore.DbContext.SaveChangesAsync(Boolean acceptAllChangesOnSuccess, CancellationToken cancellationToken)
   at Microsoft.EntityFrameworkCore.DbContext.SaveChangesAsync(Boolean acceptAllChangesOnSuccess, CancellationToken cancellationToken)
   at SPRMS.Data.AppDbContext.SaveChangesAsync(CancellationToken ct) in D:\Web Projects\SPRM\SPRMS.API\Data\AppDbContext.cs:line 108
   at SPRMS.Services.SeedData.SeedScholarshipProgramsAsync(AppDbContext db) in D:\Web Projects\SPRM\SPRMS.API\Services\SeedData.cs:line 267
   at SPRMS.Services.SeedData.SeedDatabaseAsync(WebApplication app) in D:\Web Projects\SPRM\SPRMS.API\Services\SeedData.cs:line 35
   at Program.<Main>$(String[] args) in D:\Web Projects\SPRM\SPRMS.API\Program.cs:line 162
